c:\workspace\win32_study\hellounreal\fbxviewer\x64\debug\vc143.pdb
c:\workspace\win32_study\hellounreal\fbxviewer\x64\debug\vc143.idb
c:\workspace\win32_study\hellounreal\fbxviewer\x64\debug\targa.obj
c:\workspace\win32_study\hellounreal\fbxviewer\x64\debug\setcamera.obj
c:\workspace\win32_study\hellounreal\fbxviewer\x64\debug\scenecontext.obj
c:\workspace\win32_study\hellounreal\fbxviewer\x64\debug\scenecache.obj
c:\workspace\win32_study\hellounreal\fbxviewer\x64\debug\main.obj
c:\workspace\win32_study\hellounreal\fbxviewer\x64\debug\iarray.obj
c:\workspace\win32_study\hellounreal\fbxviewer\x64\debug\glfunctions.obj
c:\workspace\win32_study\hellounreal\fbxviewer\x64\debug\getposition.obj
c:\workspace\win32_study\hellounreal\fbxviewer\x64\debug\drawtext.obj
c:\workspace\win32_study\hellounreal\fbxviewer\x64\debug\drawscene.obj
c:\workspace\win32_study\hellounreal\fbxviewer\x64\debug\geometryutility.obj
c:\workspace\win32_study\hellounreal\fbxviewer\x64\debug\common.obj
c:\workspace\win32_study\hellounreal\fbxviewer\x64\debug\animationutility.obj
c:\workspace\win32_study\hellounreal\x64\debug\fbxviewer.exe
c:\workspace\win32_study\hellounreal\x64\debug\fbxviewer.pdb
c:\workspace\win32_study\hellounreal\fbxviewer\x64\debug\fbxviewer.ilk
c:\workspace\win32_study\hellounreal\fbxviewer\x64\debug\fbxviewer.tlog\cl.command.1.tlog
c:\workspace\win32_study\hellounreal\fbxviewer\x64\debug\fbxviewer.tlog\cl.items.tlog
c:\workspace\win32_study\hellounreal\fbxviewer\x64\debug\fbxviewer.tlog\cl.read.1.tlog
c:\workspace\win32_study\hellounreal\fbxviewer\x64\debug\fbxviewer.tlog\cl.write.1.tlog
c:\workspace\win32_study\hellounreal\fbxviewer\x64\debug\fbxviewer.tlog\link.command.1.tlog
c:\workspace\win32_study\hellounreal\fbxviewer\x64\debug\fbxviewer.tlog\link.read.1.tlog
c:\workspace\win32_study\hellounreal\fbxviewer\x64\debug\fbxviewer.tlog\link.secondary.1.tlog
c:\workspace\win32_study\hellounreal\fbxviewer\x64\debug\fbxviewer.tlog\link.write.1.tlog
